2022-10-10 13:04:58 -  - exec CUpdateClientPartner::GetUpdatesList
2022-10-10 13:04:58 -  - exec CUpdateClientPartner::__CollectRequestData
2022-10-10 13:04:58 -  - utf=Y&lang=ru&stable=Y&CANGZIP=Y&SUPD_DBS=MYSQL&XE=N&CLIENT_SITE=odejda.reinero.ru&LICENSE_KEY=X&SUPD_STS=1&SUPD_URS=0&SUPD_URSA=1&TYPENC=D&CLIENT_PHPVER=7.4.32&NGINX=Y&dbv=5.7.38&instm=main%2C22.0.300%2CY%3Btranslate%2C21.100.0%2CN%3Bforum%2C21.300.100%2CN%3Bphotogallery%2C21.200.0%2CN%3Bscale%2C21.0.0%2CN%3Bmobileapp%2C21.0.300%2CN%3Bsender%2C22.100.0%2CN%3Bpull%2C22.0.0%2CN%3Bform%2C21.0.0%2CN%3Bbitrix.sitecorporate%2C15.5.0%2CN%3Bblog%2C21.300.0%2CN%3Biblock%2C21.800.300%2CN%3Bsale%2C22.100.50%2CN%3Bui%2C22.400.50%2CN%3Bsocialservices%2C22.0.250%2CN%3Bseo%2C22.0.200%2CN%3Bcatalog%2C22.100.200%2CN%3Bclouds%2C22.0.0%2CN%3Bmessageservice%2C22.200.100%2CN%3Bb24connector%2C21.100.0%2CN%3Bvote%2C21.0.100%2CN%3Blanding%2C21.1300.200%2CN%3Bsearch%2C22.0.0%2CN%3Brest%2C22.0.100%2CN%3Bsecurity%2C21.200.0%2CN%3Bsubscribe%2C21.0.0%2CN%3Bconversion%2C22.0.0%2CN%3Bbitrix.eshop%2C21.0.200%2CN%3Bperfmon%2C21.0.0%2CN%3Bbitrixcloud%2C22.0.0%2CN%3Bfileman%2C22.0.0%2CN%3Bhighloadblock%2C22.200.0%2CN%3Bcurrency%2C22.0.0%2CN%3Bstoreassist%2C21.0.0%2CN%3Breport%2C22.0.0%2CN%3Babtest%2C21.0.0%2CN&reqm=bitrix.sitecorporate%2Cbitrix.eshop&fullmoduleinfo=Y&SUPD_SRS=RU&SUPD_CMP=N
2022-10-10 13:04:58 -  - exec CUpdateClientPartner::GetHTTPPage
2022-10-10 13:04:58 -  - TIME GetUpdatesList(request) 0.078 sec
2022-10-10 13:04:58 -  - exec CUpdateClientPartner::ParseServerData
2022-10-10 13:05:01 -  - exec CUpdateClientPartner::GetUpdatesList
2022-10-10 13:05:01 -  - exec CUpdateClientPartner::__CollectRequestData
2022-10-10 13:05:01 -  - utf=Y&lang=ru&stable=Y&CANGZIP=Y&SUPD_DBS=MYSQL&XE=N&CLIENT_SITE=odejda.reinero.ru&LICENSE_KEY=X&SUPD_STS=1&SUPD_URS=0&SUPD_URSA=1&TYPENC=D&CLIENT_PHPVER=7.4.32&NGINX=Y&dbv=5.7.38&instm=main%2C22.0.300%2CY%3Btranslate%2C21.100.0%2CN%3Bforum%2C21.300.100%2CN%3Bphotogallery%2C21.200.0%2CN%3Bscale%2C21.0.0%2CN%3Bmobileapp%2C21.0.300%2CN%3Bsender%2C22.100.0%2CN%3Bpull%2C22.0.0%2CN%3Bform%2C21.0.0%2CN%3Bbitrix.sitecorporate%2C15.5.0%2CN%3Bblog%2C21.300.0%2CN%3Biblock%2C21.800.300%2CN%3Bsale%2C22.100.50%2CN%3Bui%2C22.400.50%2CN%3Bsocialservices%2C22.0.250%2CN%3Bseo%2C22.0.200%2CN%3Bcatalog%2C22.100.200%2CN%3Bclouds%2C22.0.0%2CN%3Bmessageservice%2C22.200.100%2CN%3Bb24connector%2C21.100.0%2CN%3Bvote%2C21.0.100%2CN%3Blanding%2C21.1300.200%2CN%3Bsearch%2C22.0.0%2CN%3Brest%2C22.0.100%2CN%3Bsecurity%2C21.200.0%2CN%3Bsubscribe%2C21.0.0%2CN%3Bconversion%2C22.0.0%2CN%3Bbitrix.eshop%2C21.0.200%2CN%3Bperfmon%2C21.0.0%2CN%3Bbitrixcloud%2C22.0.0%2CN%3Bfileman%2C22.0.0%2CN%3Bhighloadblock%2C22.200.0%2CN%3Bcurrency%2C22.0.0%2CN%3Bstoreassist%2C21.0.0%2CN%3Breport%2C22.0.0%2CN%3Babtest%2C21.0.0%2CN&reqm=bitrix.sitecorporate%2Cbitrix.eshop&SUPD_SRS=RU&SUPD_CMP=N
2022-10-10 13:05:01 -  - exec CUpdateClientPartner::GetHTTPPage
2022-10-10 13:05:01 -  - TIME GetUpdatesList(request) 0.068 sec
2022-10-10 13:05:01 -  - exec CUpdateClientPartner::ParseServerData
2022-10-10 13:06:44 -  - exec CUpdateClientPartner::GetUpdatesList
2022-10-10 13:06:44 -  - exec CUpdateClientPartner::__CollectRequestData
2022-10-10 13:06:44 -  - utf=Y&lang=ru&stable=Y&CANGZIP=Y&SUPD_DBS=MYSQL&XE=N&CLIENT_SITE=odejda.reinero.ru&LICENSE_KEY=X&SUPD_STS=1&SUPD_URS=0&SUPD_URSA=1&TYPENC=D&CLIENT_PHPVER=7.4.32&NGINX=Y&dbv=5.7.38&instm=main%2C22.0.300%2CY%3Btranslate%2C21.100.0%2CN%3Bforum%2C21.300.100%2CN%3Bphotogallery%2C21.200.0%2CN%3Bscale%2C21.0.0%2CN%3Bmobileapp%2C21.0.300%2CN%3Bsender%2C22.100.0%2CN%3Bpull%2C22.0.0%2CN%3Bform%2C21.0.0%2CN%3Bbitrix.sitecorporate%2C15.5.0%2CN%3Bblog%2C21.300.0%2CN%3Biblock%2C21.800.300%2CN%3Bsale%2C22.100.50%2CN%3Bui%2C22.400.50%2CN%3Bsocialservices%2C22.0.250%2CN%3Bseo%2C22.0.200%2CN%3Bcatalog%2C22.100.200%2CN%3Bclouds%2C22.0.0%2CN%3Bmessageservice%2C22.200.100%2CN%3Bb24connector%2C21.100.0%2CN%3Bvote%2C21.0.100%2CN%3Blanding%2C21.1300.200%2CN%3Bsearch%2C22.0.0%2CN%3Brest%2C22.0.100%2CN%3Bsecurity%2C21.200.0%2CN%3Bsubscribe%2C21.0.0%2CN%3Bconversion%2C22.0.0%2CN%3Bbitrix.eshop%2C21.0.200%2CN%3Bperfmon%2C21.0.0%2CN%3Bbitrixcloud%2C22.0.0%2CN%3Bfileman%2C22.0.0%2CN%3Bhighloadblock%2C22.200.0%2CN%3Bcurrency%2C22.0.0%2CN%3Bstoreassist%2C21.0.0%2CN%3Breport%2C22.0.0%2CN%3Babtest%2C21.0.0%2CN&reqm=bitrix.sitecorporate%2Cbitrix.eshop%2Cintec.universe&SUPD_SRS=RU&SUPD_CMP=N
2022-10-10 13:06:44 -  - exec CUpdateClientPartner::GetHTTPPage
2022-10-10 13:06:45 -  - TIME GetUpdatesList(request) 0.098 sec
2022-10-10 13:06:45 -  - exec CUpdateClientPartner::ParseServerData
2022-11-10 18:00:42 -  - exec CUpdateClientPartner::__CollectRequestData
2022-11-10 18:00:42 -  - exec CUpdateClientPartner::GetHTTPPage
2022-11-10 18:00:42 -  - exec CUpdateClientPartner::ParseServerData
2022-11-10 18:00:42 -  - exec CUpdateClientPartner::GetUpdatesList
2022-11-10 18:00:42 -  - exec CUpdateClientPartner::__CollectRequestData
2022-11-10 18:00:42 -  - utf=Y&lang=ru&stable=Y&CANGZIP=Y&SUPD_DBS=MYSQL&XE=N&CLIENT_SITE=odejda.reinero.ru&LICENSE_KEY=X&SUPD_STS=1&SUPD_URS=0&SUPD_URSA=1&TYPENC=D&CLIENT_PHPVER=7.4.32&NGINX=Y&dbv=5.7.38&instm=main%2C22.0.300%2CY%3Btranslate%2C21.100.0%2CN%3Bforum%2C21.300.100%2CN%3Bphotogallery%2C21.200.0%2CN%3Bscale%2C21.0.0%2CN%3Bmobileapp%2C21.0.300%2CN%3Bsender%2C22.100.0%2CN%3Bpull%2C22.0.0%2CN%3Bform%2C21.0.0%2CN%3Bbitrix.sitecorporate%2C15.5.0%2CN%3Bblog%2C21.300.0%2CN%3Biblock%2C21.800.300%2CN%3Bsale%2C22.100.50%2CN%3Bui%2C22.400.50%2CN%3Bsocialservices%2C22.0.250%2CN%3Bseo%2C22.0.200%2CN%3Bcatalog%2C22.100.200%2CN%3Bclouds%2C22.0.0%2CN%3Bmessageservice%2C22.200.100%2CN%3Bb24connector%2C21.100.0%2CN%3Bvote%2C21.0.100%2CN%3Blanding%2C21.1300.200%2CN%3Bsearch%2C22.0.0%2CN%3Brest%2C22.0.100%2CN%3Bsecurity%2C21.200.0%2CN%3Bsubscribe%2C21.0.0%2CN%3Bconversion%2C22.0.0%2CN%3Bbitrix.eshop%2C21.0.200%2CN%3Bperfmon%2C21.0.0%2CN%3Bbitrixcloud%2C22.0.0%2CN%3Bfileman%2C22.0.0%2CN%3Bhighloadblock%2C22.200.0%2CN%3Bcurrency%2C22.0.0%2CN%3Bstoreassist%2C21.0.0%2CN%3Breport%2C22.0.0%2CN%3Babtest%2C21.0.0%2CN&reqm=bitrix.sitecorporate%2Cbitrix.eshop&fullmoduleinfo=Y&SUPD_SRS=RU&SUPD_CMP=N
2022-11-10 18:00:42 -  - exec CUpdateClientPartner::GetHTTPPage
2022-11-10 18:00:43 -  - TIME GetUpdatesList(request) 0.166 sec
2022-11-10 18:00:43 -  - exec CUpdateClientPartner::ParseServerData
2022-11-10 18:00:43 -  - exec CUpdateClientPartner::__CollectRequestData
2022-11-10 18:00:43 -  - exec CUpdateClientPartner::GetHTTPPage
2022-11-10 18:00:43 -  - exec CUpdateClientPartner::ParseServerData
2022-11-24 14:42:39 -  - exec CUpdateClientPartner::__CollectRequestData
2022-11-24 14:42:39 -  - exec CUpdateClientPartner::GetHTTPPage
2022-11-24 14:42:39 -  - exec CUpdateClientPartner::ParseServerData
2022-11-24 14:42:39 -  - exec CUpdateClientPartner::GetUpdatesList
2022-11-24 14:42:39 -  - exec CUpdateClientPartner::__CollectRequestData
2022-11-24 14:42:39 -  - utf=Y&lang=ru&stable=Y&CANGZIP=Y&SUPD_DBS=MYSQL&XE=N&CLIENT_SITE=odejda.reinero.ru&LICENSE_KEY=X&SUPD_STS=1&SUPD_URS=0&SUPD_URSA=1&TYPENC=E&CLIENT_PHPVER=7.4.33&NGINX=Y&dbv=5.7.38&instm=main%2C22.375.0%2CN%3Btranslate%2C22.200.0%2CN%3Bforum%2C22.200.0%2CN%3Blocation%2C22.300.0%2CN%3Bphotogallery%2C22.0.0%2CN%3Bscale%2C21.0.0%2CN%3Bmobileapp%2C22.100.0%2CN%3Bsender%2C22.300.0%2CN%3Bpull%2C22.200.0%2CN%3Bform%2C21.0.0%2CN%3Bbitrix.sitecorporate%2C15.5.0%2CN%3Bblog%2C22.0.0%2CN%3Biblock%2C22.100.100%2CN%3Bsale%2C22.300.500%2CN%3Bui%2C22.900.0%2CN%3Bsocialservices%2C22.100.0%2CN%3Bseo%2C22.100.0%2CN%3Bcatalog%2C22.500.100%2CN%3Bclouds%2C22.100.0%2CN%3Bmessageservice%2C22.450.400%2CN%3Bb24connector%2C21.100.0%2CN%3Bvote%2C22.200.0%2CN%3Blanding%2C22.100.100%2CN%3Bsearch%2C22.100.0%2CN%3Brest%2C22.200.0%2CN%3Bsecurity%2C21.200.100%2CN%3Bsubscribe%2C21.0.0%2CN%3Bconversion%2C22.0.0%2CN%3Bbitrix.eshop%2C21.0.200%2CN%3Bperfmon%2C21.0.0%2CN%3Bbitrixcloud%2C22.100.0%2CN%3Bfileman%2C22.200.200%2CN%3Bhighloadblock%2C22.200.0%2CN%3Bcurrency%2C22.300.0%2CN%3Bstoreassist%2C21.0.0%2CN%3Breport%2C22.200.0%2CN%3Babtest%2C21.0.0%2CN&reqm=bitrix.sitecorporate%2Cbitrix.eshop&fullmoduleinfo=Y&SUPD_SRS=RU&SUPD_CMP=N
2022-11-24 14:42:39 -  - exec CUpdateClientPartner::GetHTTPPage
2022-11-24 14:42:39 -  - TIME GetUpdatesList(request) 0.116 sec
2022-11-24 14:42:39 -  - exec CUpdateClientPartner::ParseServerData
2022-11-24 14:42:39 -  - exec CUpdateClientPartner::__CollectRequestData
2022-11-24 14:42:39 -  - exec CUpdateClientPartner::GetHTTPPage
2022-11-24 14:42:40 -  - exec CUpdateClientPartner::ParseServerData
2023-04-05 09:26:42 -  - exec CUpdateClientPartner::GetUpdatesList
2023-04-05 09:26:42 -  - exec CUpdateClientPartner::__CollectRequestData
2023-04-05 09:26:42 -  - utf=Y&lang=ru&stable=N&CANGZIP=Y&SUPD_DBS=MYSQL&XE=N&CLIENT_SITE=odejda.reinero.ru&LICENSE_KEY=X&SUPD_STS=1&SUPD_URS=0&SUPD_URSA=1&TYPENC=E&CLIENT_PHPVER=7.4.33&NGINX=Y&dbv=5.7.40&instm=main%2C22.375.0%2CN%3Btranslate%2C22.200.0%2CN%3Bforum%2C22.200.0%2CN%3Blocation%2C22.300.0%2CN%3Bphotogallery%2C22.0.0%2CN%3Bscale%2C21.0.0%2CN%3Bmobileapp%2C22.100.0%2CN%3Bsender%2C22.300.0%2CN%3Bpull%2C22.200.0%2CN%3Bform%2C21.0.0%2CN%3Bbitrix.sitecorporate%2C15.5.0%2CN%3Bblog%2C22.0.0%2CN%3Biblock%2C22.100.100%2CN%3Bsale%2C22.300.500%2CN%3Bui%2C22.900.0%2CN%3Bsocialservices%2C22.100.0%2CN%3Bseo%2C22.100.0%2CN%3Bcatalog%2C22.500.100%2CN%3Bclouds%2C22.100.0%2CN%3Bmessageservice%2C22.450.400%2CN%3Bb24connector%2C21.100.0%2CN%3Bvote%2C22.200.0%2CN%3Blanding%2C22.100.100%2CN%3Bsearch%2C22.100.0%2CN%3Brest%2C22.200.0%2CN%3Bsecurity%2C21.200.100%2CN%3Bsubscribe%2C21.0.0%2CN%3Bconversion%2C22.0.0%2CN%3Bbitrix.eshop%2C21.0.200%2CN%3Bperfmon%2C21.0.0%2CN%3Bbitrixcloud%2C22.100.0%2CN%3Bfileman%2C22.200.200%2CN%3Bhighloadblock%2C22.200.0%2CN%3Bcurrency%2C22.300.0%2CN%3Bstoreassist%2C21.0.0%2CN%3Breport%2C22.200.0%2CN%3Babtest%2C21.0.0%2CN&reqm=bitrix.sitecorporate%2Cbitrix.eshop&fullmoduleinfo=Y&SUPD_SRS=RU&SUPD_CMP=N
2023-04-05 09:26:42 -  - exec CUpdateClientPartner::GetHTTPPage
2023-04-05 09:26:42 - ERRCONN - Error connecting 2 : [0] php_network_getaddresses: getaddrinfo failed: Name or service not known
2023-04-05 09:26:42 -  - TIME GetUpdatesList(request) 0.002 sec
2023-04-05 09:26:42 - GUL02 - Ошибка соединения с сервером обновлений: [0] php_network_getaddresses: getaddrinfo failed: Name or service not known. Нет соединения с сервером обновлений. 
2023-04-05 09:26:44 -  - exec CUpdateClientPartner::GetUpdatesList
2023-04-05 09:26:44 -  - exec CUpdateClientPartner::__CollectRequestData
2023-04-05 09:26:44 -  - utf=Y&lang=ru&stable=N&CANGZIP=Y&SUPD_DBS=MYSQL&XE=N&CLIENT_SITE=odejda.reinero.ru&LICENSE_KEY=X&SUPD_STS=1&SUPD_URS=0&SUPD_URSA=1&TYPENC=E&CLIENT_PHPVER=7.4.33&NGINX=Y&dbv=5.7.40&instm=main%2C22.375.0%2CN%3Btranslate%2C22.200.0%2CN%3Bforum%2C22.200.0%2CN%3Blocation%2C22.300.0%2CN%3Bphotogallery%2C22.0.0%2CN%3Bscale%2C21.0.0%2CN%3Bmobileapp%2C22.100.0%2CN%3Bsender%2C22.300.0%2CN%3Bpull%2C22.200.0%2CN%3Bform%2C21.0.0%2CN%3Bbitrix.sitecorporate%2C15.5.0%2CN%3Bblog%2C22.0.0%2CN%3Biblock%2C22.100.100%2CN%3Bsale%2C22.300.500%2CN%3Bui%2C22.900.0%2CN%3Bsocialservices%2C22.100.0%2CN%3Bseo%2C22.100.0%2CN%3Bcatalog%2C22.500.100%2CN%3Bclouds%2C22.100.0%2CN%3Bmessageservice%2C22.450.400%2CN%3Bb24connector%2C21.100.0%2CN%3Bvote%2C22.200.0%2CN%3Blanding%2C22.100.100%2CN%3Bsearch%2C22.100.0%2CN%3Brest%2C22.200.0%2CN%3Bsecurity%2C21.200.100%2CN%3Bsubscribe%2C21.0.0%2CN%3Bconversion%2C22.0.0%2CN%3Bbitrix.eshop%2C21.0.200%2CN%3Bperfmon%2C21.0.0%2CN%3Bbitrixcloud%2C22.100.0%2CN%3Bfileman%2C22.200.200%2CN%3Bhighloadblock%2C22.200.0%2CN%3Bcurrency%2C22.300.0%2CN%3Bstoreassist%2C21.0.0%2CN%3Breport%2C22.200.0%2CN%3Babtest%2C21.0.0%2CN&reqm=bitrix.sitecorporate%2Cbitrix.eshop&fullmoduleinfo=Y&SUPD_SRS=RU&SUPD_CMP=N
2023-04-05 09:26:44 -  - exec CUpdateClientPartner::GetHTTPPage
2023-04-05 09:26:44 - ERRCONN - Error connecting 2 : [0] php_network_getaddresses: getaddrinfo failed: Name or service not known
2023-04-05 09:26:44 -  - TIME GetUpdatesList(request) 0.002 sec
2023-04-05 09:26:44 - GUL02 - Ошибка соединения с сервером обновлений: [0] php_network_getaddresses: getaddrinfo failed: Name or service not known. Нет соединения с сервером обновлений. 
2023-04-05 09:26:46 -  - exec CUpdateClientPartner::GetUpdatesList
2023-04-05 09:26:46 -  - exec CUpdateClientPartner::__CollectRequestData
2023-04-05 09:26:46 -  - utf=Y&lang=ru&stable=N&CANGZIP=Y&SUPD_DBS=MYSQL&XE=N&CLIENT_SITE=odejda.reinero.ru&LICENSE_KEY=X&SUPD_STS=1&SUPD_URS=0&SUPD_URSA=1&TYPENC=E&CLIENT_PHPVER=7.4.33&NGINX=Y&dbv=5.7.40&instm=main%2C22.375.0%2CN%3Btranslate%2C22.200.0%2CN%3Bforum%2C22.200.0%2CN%3Blocation%2C22.300.0%2CN%3Bphotogallery%2C22.0.0%2CN%3Bscale%2C21.0.0%2CN%3Bmobileapp%2C22.100.0%2CN%3Bsender%2C22.300.0%2CN%3Bpull%2C22.200.0%2CN%3Bform%2C21.0.0%2CN%3Bbitrix.sitecorporate%2C15.5.0%2CN%3Bblog%2C22.0.0%2CN%3Biblock%2C22.100.100%2CN%3Bsale%2C22.300.500%2CN%3Bui%2C22.900.0%2CN%3Bsocialservices%2C22.100.0%2CN%3Bseo%2C22.100.0%2CN%3Bcatalog%2C22.500.100%2CN%3Bclouds%2C22.100.0%2CN%3Bmessageservice%2C22.450.400%2CN%3Bb24connector%2C21.100.0%2CN%3Bvote%2C22.200.0%2CN%3Blanding%2C22.100.100%2CN%3Bsearch%2C22.100.0%2CN%3Brest%2C22.200.0%2CN%3Bsecurity%2C21.200.100%2CN%3Bsubscribe%2C21.0.0%2CN%3Bconversion%2C22.0.0%2CN%3Bbitrix.eshop%2C21.0.200%2CN%3Bperfmon%2C21.0.0%2CN%3Bbitrixcloud%2C22.100.0%2CN%3Bfileman%2C22.200.200%2CN%3Bhighloadblock%2C22.200.0%2CN%3Bcurrency%2C22.300.0%2CN%3Bstoreassist%2C21.0.0%2CN%3Breport%2C22.200.0%2CN%3Babtest%2C21.0.0%2CN&reqm=bitrix.sitecorporate%2Cbitrix.eshop&SUPD_SRS=RU&SUPD_CMP=N
2023-04-05 09:26:46 -  - exec CUpdateClientPartner::GetHTTPPage
2023-04-05 09:26:46 - ERRCONN - Error connecting 2 : [0] php_network_getaddresses: getaddrinfo failed: Name or service not known
2023-04-05 09:26:46 -  - TIME GetUpdatesList(request) 0.001 sec
2023-04-05 09:26:46 - GUL02 - Ошибка соединения с сервером обновлений: [0] php_network_getaddresses: getaddrinfo failed: Name or service not known. Нет соединения с сервером обновлений. 
